<?xml version="1.0" encoding="UTF-8"?>
<!-- Generated by org.testng.reporters.JUnitReportReporter -->
<testsuite hostname="suraj-PC" name="automation.stagetech.testcases.TC002_ProfileUpdate" tests="1" failures="0" timestamp="22 Jun 2020 15:00:55 GMT" time="33.545" errors="0">
  <testcase name="UpdateUserName" time="33.545" classname="automation.stagetech.testcases.TC002_ProfileUpdate"/>
</testsuite> <!-- automation.stagetech.testcases.TC002_ProfileUpdate -->
