<?xml version="1.0" encoding="UTF-8"?>
<!-- Generated by org.testng.reporters.JUnitReportReporter -->
<testsuite hostname="suraj-PC" name="automation.stagetech.testcases.TC001_LoginTestCase" tests="1" failures="0" timestamp="19 Jun 2020 16:08:09 GMT" time="16.379" errors="0">
  <testcase name="LoginwithValidCredentials" time="16.379" classname="automation.stagetech.testcases.TC001_LoginTestCase"/>
</testsuite> <!-- automation.stagetech.testcases.TC001_LoginTestCase -->
