<?xml version="1.0" encoding="UTF-8"?>
<!-- Generated by org.testng.reporters.JUnitReportReporter -->
<testsuite hostname="suraj-PC" name="automation.stagetech.testCases.TC005_Templates" tests="1" failures="0" timestamp="29 Jun 2020 15:58:56 GMT" time="16.492" errors="0">
  <testcase name="checkTemplates" time="16.492" classname="automation.stagetech.testCases.TC005_Templates"/>
</testsuite> <!-- automation.stagetech.testCases.TC005_Templates -->
