<?xml version="1.0" encoding="UTF-8"?>
<!-- Generated by org.testng.reporters.JUnitReportReporter -->
<testsuite hostname="suraj-PC" name="automation.stagetech.testCases.TC004_CreateWork" tests="1" failures="0" timestamp="29 Jun 2020 12:36:07 GMT" time="26.961" errors="0">
  <testcase name="createWork" time="26.961" classname="automation.stagetech.testCases.TC004_CreateWork"/>
</testsuite> <!-- automation.stagetech.testCases.TC004_CreateWork -->
