<?xml version="1.0" encoding="UTF-8"?>
<!-- Generated by org.testng.reporters.JUnitReportReporter -->
<testsuite hostname="suraj-PC" name="automation.stagetech.testCases.TC004_CreateWork" tests="1" failures="0" timestamp="28 Jun 2020 20:22:58 GMT" time="19.698" errors="0">
  <testcase name="createWork" time="19.698" classname="automation.stagetech.testCases.TC004_CreateWork"/>
</testsuite> <!-- automation.stagetech.testCases.TC004_CreateWork -->
