<?xml version="1.0" encoding="UTF-8"?>
<!-- Generated by org.testng.reporters.JUnitReportReporter -->
<testsuite hostname="suraj-PC" name="automation.stagetech.testCases.TC001_LoginTestCase" tests="4" failures="0" timestamp="27 Jun 2020 18:48:28 GMT" time="178.957" errors="0">
  <testcase name="LoginwithValidCredentials" time="43.935" classname="automation.stagetech.testCases.TC001_LoginTestCase"/>
  <testcase name="LoginwithValidCredentials" time="14.216" classname="automation.stagetech.testCases.TC001_LoginTestCase"/>
  <testcase name="LoginwithValidCredentials" time="74.501" classname="automation.stagetech.testCases.TC001_LoginTestCase"/>
  <testcase name="LoginwithValidCredentials" time="46.305" classname="automation.stagetech.testCases.TC001_LoginTestCase"/>
</testsuite> <!-- automation.stagetech.testCases.TC001_LoginTestCase -->
